1588443252802	mozrunner::runner	INFO	Running command: "C:\\Program Files\\Mozilla Firefox\\firefox.exe" "-marionette" "-foreground" "-no-remote" "-profile" "C:\\Users\\Raviraj\\AppData\\Local\\Temp\\rust_mozprofileZXmmDq"
1588443254892	addons.webextension.doh-rollout@mozilla.org	WARN	Loading extension 'doh-rollout@mozilla.org': Reading manifest: Invalid extension permission: networkStatus
1588443255830	addons.webextension.screenshots@mozilla.org	WARN	Loading extension 'screenshots@mozilla.org': Reading manifest: Invalid extension permission: mozillaAddons
1588443255830	addons.webextension.screenshots@mozilla.org	WARN	Loading extension 'screenshots@mozilla.org': Reading manifest: Invalid extension permission: telemetry
1588443255831	addons.webextension.screenshots@mozilla.org	WARN	Loading extension 'screenshots@mozilla.org': Reading manifest: Invalid extension permission: resource://pdf.js/
1588443255832	addons.webextension.screenshots@mozilla.org	WARN	Loading extension 'screenshots@mozilla.org': Reading manifest: Invalid extension permission: about:reader*
JavaScript error: resource://gre/modules/XULStore.jsm, line 66: Error: Can't find profile directory.
1588443262617	Marionette	INFO	Listening on port 63441
1588443262778	Marionette	WARN	TLS certificate errors will be ignored for this session
console.error: "Error while calling actor 'pagestyle's method 'getApplied'" "Argument 1 of InspectorUtils.hasRulesModifiedByCSSOM does not implement interface CSSStyleSheet."
console.error: "hasRulesModifiedByCSSOM@resource://devtools/server/actors/stylesheets.js:377:27\nget canSetRuleText@resource://devtools/server/actors/styles.js:1226:26\ngetAuthoredCssText@resource://devtools/server/actors/styles.js:1584:9\ngetApplied@resource://devtools/server/actors/styles.js:602:18\n"
console.error: "Error while calling actor 'pagestyle's method 'getApplied'" "Argument 1 of InspectorUtils.hasRulesModifiedByCSSOM does not implement interface CSSStyleSheet."
console.error: "hasRulesModifiedByCSSOM@resource://devtools/server/actors/stylesheets.js:377:27\nget canSetRuleText@resource://devtools/server/actors/styles.js:1226:26\ngetAuthoredCssText@resource://devtools/server/actors/styles.js:1584:9\ngetApplied@resource://devtools/server/actors/styles.js:602:18\n"
console.error: (new Error("Protocol error (unknownError): Argument 1 of InspectorUtils.hasRulesModifiedByCSSOM does not implement interface CSSStyleSheet.", "resource://devtools/shared/protocol/Front.js", 276))
console.error: (new Error("Protocol error (unknownError): Argument 1 of InspectorUtils.hasRulesModifiedByCSSOM does not implement interface CSSStyleSheet.", "resource://devtools/shared/protocol/Front.js", 276))
console.error: (new Error("Protocol error (unknownError): Argument 1 of InspectorUtils.hasRulesModifiedByCSSOM does not implement interface CSSStyleSheet.", "resource://devtools/shared/protocol/Front.js", 276))
console.error: (new Error("Protocol error (unknownError): Argument 1 of InspectorUtils.hasRulesModifiedByCSSOM does not implement interface CSSStyleSheet.", "resource://devtools/shared/protocol/Front.js", 276))
console.error: (new Error("Protocol error (unknownError): Argument 1 of InspectorUtils.hasRulesModifiedByCSSOM does not implement interface CSSStyleSheet.", "resource://devtools/shared/protocol/Front.js", 276))
1588443342326	Marionette	INFO	Stopped listening on port 63441
console.error: "Error while calling actor 'pagestyle's method 'getApplied'" "can't access dead object"
console.error: "getBindingElementAndPseudo@resource://devtools/shared/inspector/css-logic.js:493:7\n_getAllElementRules@resource://devtools/server/actors/styles.js:651:49\ngetApplied@resource://devtools/server/actors/styles.js:596:12\nhandler@resource://devtools/shared/protocol/Actor.js:154:37\nonPacket@resource://devtools/server/debugger-server-connection.js:380:58\nreceiveMessage@resource://devtools/shared/transport/child-transport.js:66:16\n"
console.error: "Exception while opening the toolbox" "Error: Connection closed, pending request to server0.conn0.child1/frameTarget1, type reconfigure failed\n\nRequest stack:\nrequest@resource://devtools/shared/protocol/Front.js:214:14\ngenerateRequestMethods/</frontProto[name]@resource://devtools/shared/protocol/Front/FrontClassWithSpec.js:49:19\nreconfigure@resource://devtools/shared/fronts/targets/browsing-context.js:122:34\nopen/<@resource://devtools/client/framework/toolbox.js:885:27\n" (new Error("Connection closed, pending request to server0.conn0.child1/frameTarget1, type reconfigure failed\n\nRequest stack:\nrequest@resource://devtools/shared/protocol/Front.js:214:14\ngenerateRequestMethods/</frontProto[name]@resource://devtools/shared/protocol/Front/FrontClassWithSpec.js:49:19\nreconfigure@resource://devtools/shared/fronts/targets/browsing-context.js:122:34\nopen/<@resource://devtools/client/framework/toolbox.js:885:27\n", "resource://devtools/shared/protocol/Front.js", 68))
destroy@resource://devtools/shared/protocol/Front.js:68:23
_destroyTarget@resource://devtools/shared/fronts/targets/target-mixin.js:479:13

*************************
A coding exception was thrown in a Promise resolution callback.
See https://developer.mozilla.org/Mozilla/JavaScript_code_modules/Promise.jsm/Promise

Full message: TypeError: this._containers is null
Full stack: getContainer@resource://devtools/client/inspector/markup/markup.js:780:5
showNode/<@resource://devtools/client/inspector/markup/markup.js:1568:32
process@resource://gre/modules/Promise-backend.js:961:38
walkerLoop@resource://gre/modules/Promise-backend.js:845:29
scheduleWalkerLoop/<@resource://gre/modules/Promise-backend.js:778:14

*************************
JavaScript error: resource://devtools/shared/DevToolsUtils.js, line 972: TypeError: win is null
JavaScript error: resource://devtools/server/actors/highlighters.js, line 768: NS_ERROR_ILLEGAL_VALUE: Component returned failure code: 0x80070057 (NS_ERROR_ILLEGAL_VALUE) [nsIXPCComponents_Utils.isDeadWrapper]
JavaScript error: resource://devtools/server/actors/highlighters/utils/markup.js, line 263: TypeError: this.highlighterEnv is null
JavaScript error: https://opensource-demo.orangehrmlive.com/webres_5e7b15c4882d04.47780062/js/jquery/jquery-3.4.1.min.js, line 2: NS_ERROR_NOT_INITIALIZED: 
